#
# There is insufficient memory for the Java Runtime Environment to continue.
# Native memory allocation (malloc) failed to allocate 1048576 bytes for AllocateHeap
# Possible reasons:
#   The system is out of physical RAM or swap space
#   In 32 bit mode, the process size limit was hit
# Possible solutions:
#   Reduce memory load on the system
#   Increase physical memory or swap space
#   Check if swap backing store is full
#   Use 64 bit Java on a 64 bit OS
#   Decrease Java heap size (-Xmx/-Xms)
#   Decrease number of Java threads
#   Decrease Java thread stack sizes (-Xss)
#   Set larger code cache with -XX:ReservedCodeCacheSize=
# This output file may be truncated or incomplete.
#
#  Out of Memory Error (memory/allocation.inline.hpp:61), pid=1196, tid=0x00000000000085ec
#
# JRE version:  (8.0_171-b11) (build )
# Java VM: Java HotSpot(TM) 64-Bit Server VM (25.171-b11 mixed mode windows-amd64 compressed oops)
# Failed to write core dump. Minidumps are not enabled by default on client versions of Windows
#

---------------  T H R E A D  ---------------

Current thread (0x0000000002a62800):  JavaThread "Unknown thread" [_thread_in_vm, id=34284, stack(0x00000000028a0000,0x00000000029a0000)]

Stack: [0x00000000028a0000,0x00000000029a0000]
[error occurred during error reporting (printing stack bounds), id 0xc0000005]

Native frames: (J=compiled Java code, j=interpreted, Vv=VM code, C=native code)


---------------  P R O C E S S  ---------------

Java Threads: ( => current thread )

Other Threads:

=>0x0000000002a62800 (exited) JavaThread "Unknown thread" [_thread_in_vm, id=34284, stack(0x00000000028a0000,0x00000000029a0000)]

VM state:not at safepoint (normal execution)

VM Mutex/Monitor currently owned by a thread: None

Heap:
 PSYoungGen      total 37888K, used 655K [0x00000000d6100000, 0x00000000d8b00000, 0x0000000100000000)
  eden space 32768K, 2% used [0x00000000d6100000,0x00000000d61a3d80,0x00000000d8100000)
  from space 5120K, 0% used [0x00000000d8600000,0x00000000d8600000,0x00000000d8b00000)
  to   space 5120K, 0% used [0x00000000d8100000,0x00000000d8100000,0x00000000d8600000)
 ParOldGen       total 86016K, used 0K [0x0000000082200000, 0x0000000087600000, 0x00000000d6100000)
  object space 86016K, 0% used [0x0000000082200000,0x0000000082200000,0x0000000087600000)
 Metaspace       used 750K, capacity 4480K, committed 4480K, reserved 1056768K
  class space    used 76K, capacity 384K, committed 384K, reserved 1048576K

Card table byte_map: [0x0000000011f20000,0x0000000012310000] byte_map_base: 0x0000000011b0f000

Marking Bits: (ParMarkBitMap*) 0x00000000774508c0
 Begin Bits: [0x0000000012db0000, 0x0000000014d28000)
 End Bits:   [0x0000000014d28000, 0x0000000016ca0000)

Polling page: 0x0000000000b20000

CodeCache: size=245760Kb used=328Kb max_used=328Kb free=245431Kb
 bounds [0x0000000002b60000, 0x0000000002dd0000, 0x0000000011b60000]
 total_blobs=58 nmethods=0 adapters=38
 compilation: enabled

Compilation events (0 events):
No events

GC Heap History (0 events):
No events

Deoptimization events (0 events):
No events

Classes redefined (0 events):
No events

Internal exceptions (0 events):
No events

Events (10 events):
Event: 0.053 loading class java/lang/Short
Event: 0.054 loading class java/lang/Short done
Event: 0.054 loading class java/lang/Integer
Event: 0.054 loading class java/lang/Integer done
Event: 0.054 loading class java/lang/Long
Event: 0.054 loading class java/lang/Long done
Event: 0.055 loading class java/lang/NullPointerException
Event: 0.055 loading class java/lang/NullPointerException done
Event: 0.055 loading class java/lang/ArithmeticException
Event: 0.056 loading class java/lang/ArithmeticException done


Dynamic libraries:
0x00007ff77c210000 - 0x00007ff77c247000 	C:\Program Files\Java\jre1.8.0_171\bin\javaw.exe
0x00007ffd02cc0000 - 0x00007ffd02ea1000 	C:\WINDOWS\SYSTEM32\ntdll.dll
0x00007ffd01c80000 - 0x00007ffd01d32000 	C:\WINDOWS\System32\KERNEL32.DLL
0x00007ffcff230000 - 0x00007ffcff4a3000 	C:\WINDOWS\System32\KERNELBASE.dll
0x00007ffd02730000 - 0x00007ffd027d1000 	C:\WINDOWS\System32\ADVAPI32.dll
0x00007ffd01960000 - 0x00007ffd019fe000 	C:\WINDOWS\System32\msvcrt.dll
0x00007ffd01ad0000 - 0x00007ffd01b2b000 	C:\WINDOWS\System32\sechost.dll
0x00007ffd02b60000 - 0x00007ffd02c84000 	C:\WINDOWS\System32\RPCRT4.dll
0x00007ffd02890000 - 0x00007ffd02a20000 	C:\WINDOWS\System32\USER32.dll
0x00007ffcff090000 - 0x00007ffcff0b0000 	C:\WINDOWS\System32\win32u.dll
0x00007ffd01f00000 - 0x00007ffd01f28000 	C:\WINDOWS\System32\GDI32.dll
0x00007ffcff4b0000 - 0x00007ffcff642000 	C:\WINDOWS\System32\gdi32full.dll
0x00007ffcff190000 - 0x00007ffcff22f000 	C:\WINDOWS\System32\msvcp_win.dll
0x00007ffcff650000 - 0x00007ffcff74a000 	C:\WINDOWS\System32\ucrtbase.dll
0x00007ffcf3070000 - 0x00007ffcf32d9000 	C:\WINDOWS\WinSxS\amd64_microsoft.windows.common-controls_6595b64144ccf1df_6.0.17134.286_none_fb43982d306480cc\COMCTL32.dll
0x00007ffd01f30000 - 0x00007ffd02253000 	C:\WINDOWS\System32\combase.dll
0x00007ffcff0b0000 - 0x00007ffcff12a000 	C:\WINDOWS\System32\bcryptPrimitives.dll
0x00007ffd02a50000 - 0x00007ffd02a7d000 	C:\WINDOWS\System32\IMM32.DLL
0x00000000511d0000 - 0x00000000512a2000 	C:\Program Files\Java\jre1.8.0_171\bin\msvcr100.dll
0x0000000076c30000 - 0x00000000774d0000 	C:\Program Files\Java\jre1.8.0_171\bin\server\jvm.dll
0x00007ffd02880000 - 0x00007ffd02888000 	C:\WINDOWS\System32\PSAPI.DLL
0x00007ffcf18a0000 - 0x00007ffcf18c3000 	C:\WINDOWS\SYSTEM32\WINMM.dll
0x00007ffceada0000 - 0x00007ffceada9000 	C:\WINDOWS\SYSTEM32\WSOCK32.dll
0x00007ffcf8750000 - 0x00007ffcf875a000 	C:\WINDOWS\SYSTEM32\VERSION.dll
0x00007ffd02af0000 - 0x00007ffd02b5c000 	C:\WINDOWS\System32\WS2_32.dll
0x00007ffcf1690000 - 0x00007ffcf16ba000 	C:\WINDOWS\SYSTEM32\WINMMBASE.dll
0x00007ffcff800000 - 0x00007ffcff849000 	C:\WINDOWS\System32\cfgmgr32.dll
0x0000000051380000 - 0x000000005138f000 	C:\Program Files\Java\jre1.8.0_171\bin\verify.dll
0x0000000051350000 - 0x0000000051379000 	C:\Program Files\Java\jre1.8.0_171\bin\java.dll
0x0000000051330000 - 0x0000000051346000 	C:\Program Files\Java\jre1.8.0_171\bin\zip.dll

VM Arguments:
jvm_args: -Dfile.encoding=Cp1252 
java_command: project.DLL
java_class_path (initial): D:\NIMIL SHAH\workspace\Car_mangement\bin
Launcher Type: SUN_STANDARD

Environment Variables:
JAVA_HOME=C:\Program Files\Java\jdk1.8.0_152
PATH=C:/Program Files/Java/jre1.8.0_171/bin/server;C:/Program Files/Java/jre1.8.0_171/bin;C:/Program Files/Java/jre1.8.0_171/lib/amd64;C:\Program Files (x86)\Common Files\Oracle\Java\javapath;C:\ProgramData\Oracle\Java\javapath;C:\Program Files (x86)\Intel\iCLS Client\;C:\Program Files\Intel\iCLS Client\;C:\Windows\system32;C:\Windows;C:\Windows\System32\Wbem;C:\Windows\System32\WindowsPowerShell\v1.0\;C:\Program Files (x86)\Intel\Intel(R) Management Engine Components\DAL;C:\Program Files\Intel\Intel(R) Management Engine Components\DAL;C:\Program Files (x86)\Intel\Intel(R) Management Engine Components\IPT;C:\Program Files\Intel\Intel(R) Management Engine Components\IPT;C:\Program Files\Intel\WiFi\bin\;C:\Program Files\Common Files\Intel\WirelessCommon\;C:\Program Files (x86)\NVIDIA Corporation\PhysX\Common;C:\WINDOWS\system32;C:\WINDOWS;C:\WINDOWS\System32\Wbem;C:\WINDOWS\System32\WindowsPowerShell\v1.0\;C:\mingw\bin\g++;C:\Program Files\Java\jdk1.8.0_152\bin;C:\WINDOWS\System32\OpenSSH\;C:\Program Files\MATLAB\R2018b\bin;C:\Users\Nimil Shah\AppData\Local\Programs\Python\Python36-32\Scripts\;C:\Users\Nimil Shah\AppData\Local\Programs\Python\Python36-32\;C:\Users\Nimil Shah\AppData\Local\Microsoft\WindowsApps;C:\Program Files\Java\jdk1.7.0_60\bin;;D:\NIMIL SHAH\ECLIPSE NEON 64-BIT\eclipse;
USERNAME=Nimil Shah
OS=Windows_NT
PROCESSOR_IDENTIFIER=Intel64 Family 6 Model 158 Stepping 9, GenuineIntel



---------------  S Y S T E M  ---------------

OS: Windows 10.0 , 64 bit Build 17134 (10.0.17134.1)

CPU:total 8 (initial active 8) (4 cores per cpu, 2 threads per core) family 6 model 158 stepping 9, cmov, cx8, fxsr, mmx, sse, sse2, sse3, ssse3, sse4.1, sse4.2, popcnt, avx, avx2, aes, clmul, erms, 3dnowpref, lzcnt, ht, tsc, tscinvbit, bmi1, bmi2, adx

Memory: 4k page, physical 8247248k(2515060k free), swap 22010188k(5764k free)

vm_info: Java HotSpot(TM) 64-Bit Server VM (25.171-b11) for windows-amd64 JRE (1.8.0_171-b11), built on Mar 28 2018 16:06:12 by "java_re" with MS VC++ 10.0 (VS2010)

time: Tue Oct 23 10:33:27 2018
elapsed time: 0 seconds (0d 0h 0m 0s)

